<?xml version="1.0" encoding="UTF-8"?>
<!-- Generated by org.testng.reporters.JUnitReportReporter -->
<testsuite hostname="lees-MacBook-Pro.local" failures="0" tests="2" name="APITests" time="5.770" errors="0" timestamp="2024-07-07T20:21:39 CDT" skipped="0">
  <testcase classname="APITests" name="test1" time="5.438"/>
  <system-out/>
  <testcase classname="APITests" name="test2" time="0.332"/>
  <system-out/>
</testsuite> <!-- APITests -->
